Using pre-set license
Built from '2020.3/staging' branch; Version is '2020.3.4f1 (0abb6314276a) revision 703331'; Using compiler version '192528614'; Build Type 'Release'
OS: 'Windows 8.1  (6.3.0) 64bit' Language: 'ru' Physical Memory: 16305 MB
BatchMode: 1, IsHumanControllingUs: 0, StartBugReporterOnCrash: 0, Is64bit: 1, IsPro: 0

 COMMAND LINE ARGUMENTS:
C:\Program Files\Unity\Hub\Editor\2020.3.4f1\Editor\Unity.exe
-adb2
-batchMode
-noUpm
-name
AssetImportWorker0
-projectPath
G:/Unity/AsteroidsArcade
-logFile
Logs/AssetImportWorker0.log
-srvPort
57618
Successfully changed project path to: G:/Unity/AsteroidsArcade
G:/Unity/AsteroidsArcade
Using Asset Import Pipeline V2.
Refreshing native plugins compatible for Editor in 45.82 ms, found 2 plugins.
Preloading 0 native plugins for Editor in 0.00 ms.
Initialize engine version: 2020.3.4f1 (0abb6314276a)
[Subsystems] Discovering subsystems at path C:/Program Files/Unity/Hub/Editor/2020.3.4f1/Editor/Data/Resources/UnitySubsystems
[Subsystems] Discovering subsystems at path G:/Unity/AsteroidsArcade/Assets
GfxDevice: creating device client; threaded=0
d3d11: QueryInterface(IDXGIFactory5) failed (80004002).
Direct3D:
    Version:  Direct3D 11.0 [level 11.0]
    Renderer: NVIDIA GeForce GTX 950M           (ID=0x139a)
    Vendor:   
    VRAM:     1972 MB
    Driver:   9.18.13.4788
Initialize mono
Mono path[0] = 'C:/Program Files/Unity/Hub/Editor/2020.3.4f1/Editor/Data/Managed'
Mono path[1] = 'C:/Program Files/Unity/Hub/Editor/2020.3.4f1/Editor/Data/MonoBleedingEdge/lib/mono/unityjit'
Mono config path = 'C:/Program Files/Unity/Hub/Editor/2020.3.4f1/Editor/Data/MonoBleedingEdge/etc'
Using monoOptions --debugger-agent=transport=dt_socket,embedding=1,server=y,suspend=n,address=127.0.0.1:56384
Begin MonoManager ReloadAssembly
Registering precompiled unity dll's ...
Register platform support module: C:/Program Files/Unity/Hub/Editor/2020.3.4f1/Editor/Data/PlaybackEngines/WindowsStandaloneSupport/UnityEditor.WindowsStandalone.Extensions.dll
Registered in 0.001676 seconds.
Native extension for WindowsStandalone target not found
Refreshing native plugins compatible for Editor in 45.72 ms, found 2 plugins.
Preloading 0 native plugins for Editor in 0.00 ms.
Mono: successfully reloaded assembly
- Completed reload, in  1.294 seconds
Platform modules already initialized, skipping
Registering precompiled user dll's ...
Registered in 0.002119 seconds.
Begin MonoManager ReloadAssembly
Native extension for WindowsStandalone target not found
Refreshing native plugins compatible for Editor in 45.14 ms, found 2 plugins.
Preloading 0 native plugins for Editor in 0.00 ms.
Mono: successfully reloaded assembly
- Completed reload, in  1.249 seconds
Platform modules already initialized, skipping
========================================================================
Worker process is ready to serve import requests
Launched and connected shader compiler UnityShaderCompiler.exe after 0.04 seconds
Refreshing native plugins compatible for Editor in 0.71 ms, found 2 plugins.
Preloading 0 native plugins for Editor in 0.00 ms.
Unloading 1822 Unused Serialized files (Serialized files now loaded: 0)
System memory in use before: 88.0 MB.
System memory in use after: 88.0 MB.

Unloading 26 unused Assets to reduce memory usage. Loaded Objects now: 2264.
Total: 3.553001 ms (FindLiveObjects: 0.318174 ms CreateObjectMapping: 0.235711 ms MarkObjects: 2.818971 ms  DeleteObjects: 0.178022 ms)

========================================================================
Received Import Request.
  path: Assets/Prefabs/SpawnManager.prefab
  artifactKey: Guid(702274d3a9057b0448ffdb15715ebf5c) Importer(815301076,1909f56bfc062723c751e8b465ee728b)
Start importing Assets/Prefabs/SpawnManager.prefab using Guid(702274d3a9057b0448ffdb15715ebf5c) Importer(815301076,1909f56bfc062723c751e8b465ee728b)  -> (artifact id: '91ea7e1a3b8f352d1ff5d74cf6e44018') in 0.052156 seconds
  Import took 0.056359 seconds .

========================================================================
Received Import Request.
  Time since last request: 42.035431 seconds.
  path: Assets/Prefabs/SpawnManager.prefab
  artifactKey: Guid(702274d3a9057b0448ffdb15715ebf5c) Importer(815301076,1909f56bfc062723c751e8b465ee728b)
Start importing Assets/Prefabs/SpawnManager.prefab using Guid(702274d3a9057b0448ffdb15715ebf5c) Importer(815301076,1909f56bfc062723c751e8b465ee728b)  -> (artifact id: 'd3aa35798e7d911e85d434e3169ebf2e') in 0.018902 seconds
  Import took 0.023362 seconds .

========================================================================
Received Prepare
Registering precompiled user dll's ...
Registered in 0.001577 seconds.
Begin MonoManager ReloadAssembly
Native extension for WindowsStandalone target not found
Refreshing native plugins compatible for Editor in 0.91 ms, found 2 plugins.
Preloading 0 native plugins for Editor in 0.00 ms.
Mono: successfully reloaded assembly
- Completed reload, in  1.091 seconds
Platform modules already initialized, skipping
Refreshing native plugins compatible for Editor in 0.83 ms, found 2 plugins.
Preloading 0 native plugins for Editor in 0.00 ms.
Unloading 1817 Unused Serialized files (Serialized files now loaded: 0)
System memory in use before: 88.0 MB.
System memory in use after: 88.0 MB.

Unloading 14 unused Assets to reduce memory usage. Loaded Objects now: 2268.
Total: 3.194834 ms (FindLiveObjects: 0.333746 ms CreateObjectMapping: 0.211290 ms MarkObjects: 2.506106 ms  DeleteObjects: 0.142276 ms)

========================================================================
Received Prepare
Registering precompiled user dll's ...
Registered in 0.001357 seconds.
Begin MonoManager ReloadAssembly
Native extension for WindowsStandalone target not found
Refreshing native plugins compatible for Editor in 0.65 ms, found 2 plugins.
Preloading 0 native plugins for Editor in 0.00 ms.
Mono: successfully reloaded assembly
- Completed reload, in  1.039 seconds
Platform modules already initialized, skipping
Refreshing native plugins compatible for Editor in 0.75 ms, found 2 plugins.
Preloading 0 native plugins for Editor in 0.00 ms.
Unloading 1817 Unused Serialized files (Serialized files now loaded: 0)
System memory in use before: 88.0 MB.
System memory in use after: 88.0 MB.

Unloading 14 unused Assets to reduce memory usage. Loaded Objects now: 2272.
Total: 2.523094 ms (FindLiveObjects: 0.228632 ms CreateObjectMapping: 0.085649 ms MarkObjects: 2.069369 ms  DeleteObjects: 0.138383 ms)

========================================================================
Received Prepare
Registering precompiled user dll's ...
Registered in 0.001358 seconds.
Begin MonoManager ReloadAssembly
Native extension for WindowsStandalone target not found
Refreshing native plugins compatible for Editor in 0.49 ms, found 2 plugins.
Preloading 0 native plugins for Editor in 0.00 ms.
Mono: successfully reloaded assembly
- Completed reload, in  1.038 seconds
Platform modules already initialized, skipping
Refreshing native plugins compatible for Editor in 0.56 ms, found 2 plugins.
Preloading 0 native plugins for Editor in 0.00 ms.
Unloading 1817 Unused Serialized files (Serialized files now loaded: 0)
System memory in use before: 88.1 MB.
System memory in use after: 88.0 MB.

Unloading 14 unused Assets to reduce memory usage. Loaded Objects now: 2276.
Total: 3.227748 ms (FindLiveObjects: 0.382233 ms CreateObjectMapping: 0.217307 ms MarkObjects: 2.479562 ms  DeleteObjects: 0.146169 ms)

========================================================================
Received Prepare
Registering precompiled user dll's ...
Registered in 0.001688 seconds.
Begin MonoManager ReloadAssembly
Native extension for WindowsStandalone target not found
Refreshing native plugins compatible for Editor in 0.49 ms, found 2 plugins.
Preloading 0 native plugins for Editor in 0.00 ms.
Mono: successfully reloaded assembly
- Completed reload, in  1.267 seconds
Platform modules already initialized, skipping
Refreshing native plugins compatible for Editor in 0.86 ms, found 2 plugins.
Preloading 0 native plugins for Editor in 0.00 ms.
Unloading 1817 Unused Serialized files (Serialized files now loaded: 0)
System memory in use before: 88.1 MB.
System memory in use after: 88.0 MB.

Unloading 14 unused Assets to reduce memory usage. Loaded Objects now: 2280.
Total: 3.278005 ms (FindLiveObjects: 0.348611 ms CreateObjectMapping: 0.200673 ms MarkObjects: 2.587861 ms  DeleteObjects: 0.138737 ms)

========================================================================
Received Prepare
Registering precompiled user dll's ...
Registered in 0.001026 seconds.
Begin MonoManager ReloadAssembly
Native extension for WindowsStandalone target not found
Refreshing native plugins compatible for Editor in 0.51 ms, found 2 plugins.
Preloading 0 native plugins for Editor in 0.00 ms.
Mono: successfully reloaded assembly
- Completed reload, in  1.140 seconds
Platform modules already initialized, skipping
Refreshing native plugins compatible for Editor in 0.61 ms, found 2 plugins.
Preloading 0 native plugins for Editor in 0.00 ms.
Unloading 1817 Unused Serialized files (Serialized files now loaded: 0)
System memory in use before: 88.1 MB.
System memory in use after: 88.1 MB.

Unloading 14 unused Assets to reduce memory usage. Loaded Objects now: 2284.
Total: 3.637941 ms (FindLiveObjects: 0.389312 ms CreateObjectMapping: 0.202442 ms MarkObjects: 2.907451 ms  DeleteObjects: 0.136259 ms)

========================================================================
Received Import Request.
  Time since last request: 762.025571 seconds.
  path: Assets/Prefabs/SpawnManager.prefab
  artifactKey: Guid(702274d3a9057b0448ffdb15715ebf5c) Importer(815301076,1909f56bfc062723c751e8b465ee728b)
Start importing Assets/Prefabs/SpawnManager.prefab using Guid(702274d3a9057b0448ffdb15715ebf5c) Importer(815301076,1909f56bfc062723c751e8b465ee728b)  -> (artifact id: '325c61d0044f634a4d29d15013784611') in 0.049012 seconds
  Import took 0.053440 seconds .

========================================================================
Received Import Request.
  Time since last request: 0.004695 seconds.
  path: Assets/Prefabs/SpawnManager.prefab
  artifactKey: Guid(702274d3a9057b0448ffdb15715ebf5c) Importer(815301076,1909f56bfc062723c751e8b465ee728b)
Start importing Assets/Prefabs/SpawnManager.prefab using Guid(702274d3a9057b0448ffdb15715ebf5c) Importer(815301076,1909f56bfc062723c751e8b465ee728b)  -> (artifact id: '325c61d0044f634a4d29d15013784611') in 0.010545 seconds
  Import took 0.017959 seconds .

========================================================================
Received Import Request.
  Time since last request: 9.259059 seconds.
  path: Assets/Prefabs/BigAsteroid.prefab
  artifactKey: Guid(34d5617011cb1aa40b2bd7d1e21c5c49) Importer(815301076,1909f56bfc062723c751e8b465ee728b)
Start importing Assets/Prefabs/BigAsteroid.prefab using Guid(34d5617011cb1aa40b2bd7d1e21c5c49) Importer(815301076,1909f56bfc062723c751e8b465ee728b)  -> (artifact id: 'b403abde9d1859e108f492751086bc5a') in 0.096910 seconds
  Import took 0.103407 seconds .

========================================================================
Received Prepare
Registering precompiled user dll's ...
Registered in 0.001905 seconds.
Begin MonoManager ReloadAssembly
Native extension for WindowsStandalone target not found
Refreshing native plugins compatible for Editor in 0.46 ms, found 2 plugins.
Preloading 0 native plugins for Editor in 0.00 ms.
Mono: successfully reloaded assembly
- Completed reload, in  1.029 seconds
Platform modules already initialized, skipping
Refreshing native plugins compatible for Editor in 0.77 ms, found 2 plugins.
Preloading 0 native plugins for Editor in 0.00 ms.
Unloading 1817 Unused Serialized files (Serialized files now loaded: 0)
System memory in use before: 91.2 MB.
System memory in use after: 91.2 MB.

Unloading 14 unused Assets to reduce memory usage. Loaded Objects now: 2295.
Total: 2.408070 ms (FindLiveObjects: 0.219076 ms CreateObjectMapping: 0.085649 ms MarkObjects: 1.972041 ms  DeleteObjects: 0.128827 ms)

========================================================================
Received Prepare
Registering precompiled user dll's ...
Registered in 0.001337 seconds.
Begin MonoManager ReloadAssembly
Native extension for WindowsStandalone target not found
Refreshing native plugins compatible for Editor in 0.51 ms, found 2 plugins.
Preloading 0 native plugins for Editor in 0.00 ms.
Mono: successfully reloaded assembly
- Completed reload, in  1.066 seconds
Platform modules already initialized, skipping
Refreshing native plugins compatible for Editor in 0.52 ms, found 2 plugins.
Preloading 0 native plugins for Editor in 0.00 ms.
Unloading 1817 Unused Serialized files (Serialized files now loaded: 0)
System memory in use before: 91.2 MB.
System memory in use after: 91.2 MB.

Unloading 14 unused Assets to reduce memory usage. Loaded Objects now: 2299.
Total: 2.535127 ms (FindLiveObjects: 0.227217 ms CreateObjectMapping: 0.082463 ms MarkObjects: 2.087773 ms  DeleteObjects: 0.136613 ms)

========================================================================
Received Prepare
Registering precompiled user dll's ...
Registered in 0.002309 seconds.
Begin MonoManager ReloadAssembly
Native extension for WindowsStandalone target not found
Refreshing native plugins compatible for Editor in 0.51 ms, found 2 plugins.
Preloading 0 native plugins for Editor in 0.00 ms.
Mono: successfully reloaded assembly
- Completed reload, in  1.007 seconds
Platform modules already initialized, skipping
Refreshing native plugins compatible for Editor in 0.57 ms, found 2 plugins.
Preloading 0 native plugins for Editor in 0.00 ms.
Unloading 1817 Unused Serialized files (Serialized files now loaded: 0)
System memory in use before: 91.2 MB.
System memory in use after: 91.2 MB.

Unloading 14 unused Assets to reduce memory usage. Loaded Objects now: 2303.
Total: 3.320122 ms (FindLiveObjects: 0.336932 ms CreateObjectMapping: 0.199965 ms MarkObjects: 2.628916 ms  DeleteObjects: 0.152893 ms)

========================================================================
Received Import Request.
  Time since last request: 569.635528 seconds.
  path: Assets/Prefabs/Bullet.prefab
  artifactKey: Guid(34f4f246ad1d84048adabdd4d057f3bd) Importer(815301076,1909f56bfc062723c751e8b465ee728b)
Start importing Assets/Prefabs/Bullet.prefab using Guid(34f4f246ad1d84048adabdd4d057f3bd) Importer(815301076,1909f56bfc062723c751e8b465ee728b)  -> (artifact id: '3ae5c0e93e82fb057185347ea545cca5') in 0.087581 seconds
  Import took 0.093607 seconds .

========================================================================
Received Prepare
Registering precompiled user dll's ...
Registered in 0.001479 seconds.
Begin MonoManager ReloadAssembly
Native extension for WindowsStandalone target not found
Refreshing native plugins compatible for Editor in 0.51 ms, found 2 plugins.
Preloading 0 native plugins for Editor in 0.00 ms.
Mono: successfully reloaded assembly
- Completed reload, in  1.141 seconds
Platform modules already initialized, skipping
Refreshing native plugins compatible for Editor in 0.51 ms, found 2 plugins.
Preloading 0 native plugins for Editor in 0.00 ms.
Unloading 1817 Unused Serialized files (Serialized files now loaded: 0)
System memory in use before: 91.2 MB.
System memory in use after: 91.2 MB.

Unloading 14 unused Assets to reduce memory usage. Loaded Objects now: 2308.
Total: 3.181739 ms (FindLiveObjects: 0.339055 ms CreateObjectMapping: 0.208813 ms MarkObjects: 2.437446 ms  DeleteObjects: 0.194656 ms)

========================================================================
Received Import Request.
  Time since last request: 251.955513 seconds.
  path: Assets/Scripts/WorlBuilder/GameCore.cs
  artifactKey: Guid(bc2301f3b02d75d4889fa3af052321b5) Importer(815301076,1909f56bfc062723c751e8b465ee728b)
Start importing Assets/Scripts/WorlBuilder/GameCore.cs using Guid(bc2301f3b02d75d4889fa3af052321b5) Importer(815301076,1909f56bfc062723c751e8b465ee728b)  -> (artifact id: '3b296484971e575d222c50d3e2af6a35') in 0.027902 seconds
  Import took 0.034721 seconds .

========================================================================
Received Prepare
Registering precompiled user dll's ...
Registered in 0.001008 seconds.
Begin MonoManager ReloadAssembly
Native extension for WindowsStandalone target not found
Refreshing native plugins compatible for Editor in 0.49 ms, found 2 plugins.
Preloading 0 native plugins for Editor in 0.00 ms.
Mono: successfully reloaded assembly
- Completed reload, in  1.175 seconds
Platform modules already initialized, skipping
Refreshing native plugins compatible for Editor in 0.87 ms, found 2 plugins.
Preloading 0 native plugins for Editor in 0.00 ms.
Unloading 1818 Unused Serialized files (Serialized files now loaded: 0)
System memory in use before: 91.2 MB.
System memory in use after: 91.2 MB.

Unloading 14 unused Assets to reduce memory usage. Loaded Objects now: 2313.
Total: 4.551055 ms (FindLiveObjects: 0.459034 ms CreateObjectMapping: 0.300832 ms MarkObjects: 3.631925 ms  DeleteObjects: 0.157494 ms)

========================================================================
Received Import Request.
  Time since last request: 98.819366 seconds.
  path: Assets/Scripts/WorlBuilder/GameCore.cs
  artifactKey: Guid(bc2301f3b02d75d4889fa3af052321b5) Importer(815301076,1909f56bfc062723c751e8b465ee728b)
Start importing Assets/Scripts/WorlBuilder/GameCore.cs using Guid(bc2301f3b02d75d4889fa3af052321b5) Importer(815301076,1909f56bfc062723c751e8b465ee728b)  -> (artifact id: '4fa8b1d82ac5a9cfa4f4baca253ca755') in 0.022655 seconds
  Import took 0.035012 seconds .

========================================================================
Received Prepare
Registering precompiled user dll's ...
Registered in 0.001022 seconds.
Begin MonoManager ReloadAssembly
Native extension for WindowsStandalone target not found
Refreshing native plugins compatible for Editor in 0.80 ms, found 2 plugins.
Preloading 0 native plugins for Editor in 0.00 ms.
Mono: successfully reloaded assembly
- Completed reload, in  1.428 seconds
Platform modules already initialized, skipping
Refreshing native plugins compatible for Editor in 0.68 ms, found 2 plugins.
Preloading 0 native plugins for Editor in 0.00 ms.
Unloading 1818 Unused Serialized files (Serialized files now loaded: 0)
System memory in use before: 91.3 MB.
System memory in use after: 91.2 MB.

Unloading 14 unused Assets to reduce memory usage. Loaded Objects now: 2317.
Total: 3.271988 ms (FindLiveObjects: 0.329499 ms CreateObjectMapping: 0.188285 ms MarkObjects: 2.554947 ms  DeleteObjects: 0.197133 ms)

========================================================================
Received Prepare
Registering precompiled user dll's ...
Registered in 0.001445 seconds.
Begin MonoManager ReloadAssembly
Native extension for WindowsStandalone target not found
Refreshing native plugins compatible for Editor in 0.52 ms, found 2 plugins.
Preloading 0 native plugins for Editor in 0.00 ms.
Mono: successfully reloaded assembly
- Completed reload, in  1.054 seconds
Platform modules already initialized, skipping
Refreshing native plugins compatible for Editor in 0.56 ms, found 2 plugins.
Preloading 0 native plugins for Editor in 0.00 ms.
Unloading 1818 Unused Serialized files (Serialized files now loaded: 0)
System memory in use before: 91.3 MB.
System memory in use after: 91.2 MB.

Unloading 14 unused Assets to reduce memory usage. Loaded Objects now: 2321.
Total: 4.926563 ms (FindLiveObjects: 0.362768 ms CreateObjectMapping: 0.266856 ms MarkObjects: 4.120334 ms  DeleteObjects: 0.173775 ms)

========================================================================
Received Prepare
Registering precompiled user dll's ...
Registered in 0.001078 seconds.
Begin MonoManager ReloadAssembly
Native extension for WindowsStandalone target not found
Refreshing native plugins compatible for Editor in 0.53 ms, found 2 plugins.
Preloading 0 native plugins for Editor in 0.00 ms.
Mono: successfully reloaded assembly
- Completed reload, in  1.040 seconds
Platform modules already initialized, skipping
Refreshing native plugins compatible for Editor in 0.73 ms, found 2 plugins.
Preloading 0 native plugins for Editor in 0.00 ms.
Unloading 1818 Unused Serialized files (Serialized files now loaded: 0)
System memory in use before: 91.3 MB.
System memory in use after: 91.2 MB.

Unloading 14 unused Assets to reduce memory usage. Loaded Objects now: 2325.
Total: 3.373917 ms (FindLiveObjects: 0.334454 ms CreateObjectMapping: 0.201734 ms MarkObjects: 2.499382 ms  DeleteObjects: 0.336224 ms)

========================================================================
Received Prepare
Registering precompiled user dll's ...
Registered in 0.002115 seconds.
Begin MonoManager ReloadAssembly
Native extension for WindowsStandalone target not found
Refreshing native plugins compatible for Editor in 0.50 ms, found 2 plugins.
Preloading 0 native plugins for Editor in 0.00 ms.
Mono: successfully reloaded assembly
- Completed reload, in  1.049 seconds
Platform modules already initialized, skipping
Refreshing native plugins compatible for Editor in 2.78 ms, found 2 plugins.
Preloading 0 native plugins for Editor in 0.00 ms.
Unloading 1818 Unused Serialized files (Serialized files now loaded: 0)
System memory in use before: 91.3 MB.
System memory in use after: 91.2 MB.

Unloading 14 unused Assets to reduce memory usage. Loaded Objects now: 2329.
Total: 3.036278 ms (FindLiveObjects: 0.337993 ms CreateObjectMapping: 0.203858 ms MarkObjects: 2.342949 ms  DeleteObjects: 0.150062 ms)

========================================================================
Received Prepare
Registering precompiled user dll's ...
Registered in 0.002485 seconds.
Begin MonoManager ReloadAssembly
Native extension for WindowsStandalone target not found
Refreshing native plugins compatible for Editor in 1.01 ms, found 2 plugins.
Preloading 0 native plugins for Editor in 0.00 ms.
Mono: successfully reloaded assembly
- Completed reload, in  1.735 seconds
Platform modules already initialized, skipping
Refreshing native plugins compatible for Editor in 1.06 ms, found 2 plugins.
Preloading 0 native plugins for Editor in 0.00 ms.
Unloading 1818 Unused Serialized files (Serialized files now loaded: 0)
System memory in use before: 91.3 MB.
System memory in use after: 91.3 MB.

Unloading 14 unused Assets to reduce memory usage. Loaded Objects now: 2333.
Total: 6.093437 ms (FindLiveObjects: 0.770837 ms CreateObjectMapping: 0.937180 ms MarkObjects: 4.141569 ms  DeleteObjects: 0.241019 ms)

========================================================================
Received Prepare
Registering precompiled user dll's ...
Registered in 0.001972 seconds.
Begin MonoManager ReloadAssembly
Native extension for WindowsStandalone target not found
Refreshing native plugins compatible for Editor in 1.05 ms, found 2 plugins.
Preloading 0 native plugins for Editor in 0.00 ms.
Mono: successfully reloaded assembly
- Completed reload, in  1.782 seconds
Platform modules already initialized, skipping
Refreshing native plugins compatible for Editor in 1.11 ms, found 2 plugins.
Preloading 0 native plugins for Editor in 0.00 ms.
Unloading 1818 Unused Serialized files (Serialized files now loaded: 0)
System memory in use before: 91.3 MB.
System memory in use after: 91.3 MB.

Unloading 14 unused Assets to reduce memory usage. Loaded Objects now: 2337.
Total: 6.637766 ms (FindLiveObjects: 0.545390 ms CreateObjectMapping: 0.251991 ms MarkObjects: 5.602196 ms  DeleteObjects: 0.234295 ms)

========================================================================
Received Prepare
Registering precompiled user dll's ...
Registered in 0.001362 seconds.
Begin MonoManager ReloadAssembly
Native extension for WindowsStandalone target not found
Refreshing native plugins compatible for Editor in 0.48 ms, found 2 plugins.
Preloading 0 native plugins for Editor in 0.00 ms.
Mono: successfully reloaded assembly
- Completed reload, in  1.068 seconds
Platform modules already initialized, skipping
Refreshing native plugins compatible for Editor in 0.59 ms, found 2 plugins.
Preloading 0 native plugins for Editor in 0.00 ms.
Unloading 1818 Unused Serialized files (Serialized files now loaded: 0)
System memory in use before: 91.3 MB.
System memory in use after: 91.3 MB.

Unloading 14 unused Assets to reduce memory usage. Loaded Objects now: 2341.
Total: 2.982128 ms (FindLiveObjects: 0.241019 ms CreateObjectMapping: 0.097682 ms MarkObjects: 2.460450 ms  DeleteObjects: 0.181915 ms)

========================================================================
Received Prepare
Registering precompiled user dll's ...
Registered in 0.001224 seconds.
Begin MonoManager ReloadAssembly
Native extension for WindowsStandalone target not found
Refreshing native plugins compatible for Editor in 0.73 ms, found 2 plugins.
Preloading 0 native plugins for Editor in 0.00 ms.
Mono: successfully reloaded assembly
- Completed reload, in  1.136 seconds
Platform modules already initialized, skipping
Refreshing native plugins compatible for Editor in 0.63 ms, found 2 plugins.
Preloading 0 native plugins for Editor in 0.00 ms.
Unloading 1818 Unused Serialized files (Serialized files now loaded: 0)
System memory in use before: 91.3 MB.
System memory in use after: 91.3 MB.

Unloading 14 unused Assets to reduce memory usage. Loaded Objects now: 2345.
Total: 3.155903 ms (FindLiveObjects: 0.340825 ms CreateObjectMapping: 0.196779 ms MarkObjects: 2.467529 ms  DeleteObjects: 0.148292 ms)

========================================================================
Received Prepare
Registering precompiled user dll's ...
Registered in 0.001251 seconds.
Begin MonoManager ReloadAssembly
Native extension for WindowsStandalone target not found
Refreshing native plugins compatible for Editor in 0.55 ms, found 2 plugins.
Preloading 0 native plugins for Editor in 0.00 ms.
Mono: successfully reloaded assembly
- Completed reload, in  1.061 seconds
Platform modules already initialized, skipping
Refreshing native plugins compatible for Editor in 0.85 ms, found 2 plugins.
Preloading 0 native plugins for Editor in 0.00 ms.
Unloading 1818 Unused Serialized files (Serialized files now loaded: 0)
System memory in use before: 91.3 MB.
System memory in use after: 91.3 MB.

Unloading 14 unused Assets to reduce memory usage. Loaded Objects now: 2349.
Total: 3.298532 ms (FindLiveObjects: 0.384357 ms CreateObjectMapping: 0.112900 ms MarkObjects: 2.656522 ms  DeleteObjects: 0.143691 ms)

========================================================================
Received Prepare
Registering precompiled user dll's ...
Registered in 0.001545 seconds.
Begin MonoManager ReloadAssembly
Native extension for WindowsStandalone target not found
Refreshing native plugins compatible for Editor in 0.53 ms, found 2 plugins.
Preloading 0 native plugins for Editor in 0.00 ms.
Mono: successfully reloaded assembly
- Completed reload, in  1.173 seconds
Platform modules already initialized, skipping
Refreshing native plugins compatible for Editor in 0.56 ms, found 2 plugins.
Preloading 0 native plugins for Editor in 0.00 ms.
Unloading 1818 Unused Serialized files (Serialized files now loaded: 0)
System memory in use before: 91.3 MB.
System memory in use after: 91.3 MB.

Unloading 14 unused Assets to reduce memory usage. Loaded Objects now: 2353.
Total: 3.378518 ms (FindLiveObjects: 0.415502 ms CreateObjectMapping: 0.202442 ms MarkObjects: 2.601310 ms  DeleteObjects: 0.157140 ms)

========================================================================
Received Prepare
Registering precompiled user dll's ...
Registered in 0.002434 seconds.
Begin MonoManager ReloadAssembly
Native extension for WindowsStandalone target not found
Refreshing native plugins compatible for Editor in 0.48 ms, found 2 plugins.
Preloading 0 native plugins for Editor in 0.00 ms.
Mono: successfully reloaded assembly
- Completed reload, in  1.113 seconds
Platform modules already initialized, skipping
Refreshing native plugins compatible for Editor in 0.74 ms, found 2 plugins.
Preloading 0 native plugins for Editor in 0.00 ms.
Unloading 1818 Unused Serialized files (Serialized files now loaded: 0)
System memory in use before: 91.3 MB.
System memory in use after: 91.3 MB.

Unloading 14 unused Assets to reduce memory usage. Loaded Objects now: 2357.
Total: 3.517609 ms (FindLiveObjects: 0.500089 ms CreateObjectMapping: 0.209521 ms MarkObjects: 2.650505 ms  DeleteObjects: 0.155725 ms)

========================================================================
Received Prepare
Registering precompiled user dll's ...
Registered in 0.001357 seconds.
Begin MonoManager ReloadAssembly
Native extension for WindowsStandalone target not found
Refreshing native plugins compatible for Editor in 0.51 ms, found 2 plugins.
Preloading 0 native plugins for Editor in 0.00 ms.
Mono: successfully reloaded assembly
- Completed reload, in  1.071 seconds
Platform modules already initialized, skipping
Refreshing native plugins compatible for Editor in 0.51 ms, found 2 plugins.
Preloading 0 native plugins for Editor in 0.00 ms.
Unloading 1818 Unused Serialized files (Serialized files now loaded: 0)
System memory in use before: 91.3 MB.
System memory in use after: 91.3 MB.

Unloading 14 unused Assets to reduce memory usage. Loaded Objects now: 2361.
Total: 3.193064 ms (FindLiveObjects: 0.426119 ms CreateObjectMapping: 0.195718 ms MarkObjects: 2.418334 ms  DeleteObjects: 0.150062 ms)

========================================================================
Received Prepare
Registering precompiled user dll's ...
Registered in 0.001468 seconds.
Begin MonoManager ReloadAssembly
Native extension for WindowsStandalone target not found
Refreshing native plugins compatible for Editor in 0.55 ms, found 2 plugins.
Preloading 0 native plugins for Editor in 0.00 ms.
Mono: successfully reloaded assembly
- Completed reload, in  1.311 seconds
Platform modules already initialized, skipping
Refreshing native plugins compatible for Editor in 0.87 ms, found 2 plugins.
Preloading 0 native plugins for Editor in 0.00 ms.
Unloading 1818 Unused Serialized files (Serialized files now loaded: 0)
System memory in use before: 91.4 MB.
System memory in use after: 91.3 MB.

Unloading 14 unused Assets to reduce memory usage. Loaded Objects now: 2365.
Total: 4.373387 ms (FindLiveObjects: 0.513184 ms CreateObjectMapping: 0.215183 ms MarkObjects: 3.490711 ms  DeleteObjects: 0.152539 ms)

========================================================================
Received Prepare
Registering precompiled user dll's ...
Registered in 0.001411 seconds.
Begin MonoManager ReloadAssembly
Native extension for WindowsStandalone target not found
Refreshing native plugins compatible for Editor in 0.54 ms, found 2 plugins.
Preloading 0 native plugins for Editor in 0.00 ms.
Mono: successfully reloaded assembly
- Completed reload, in  1.394 seconds
Platform modules already initialized, skipping
Refreshing native plugins compatible for Editor in 0.90 ms, found 2 plugins.
Preloading 0 native plugins for Editor in 0.00 ms.
Unloading 1818 Unused Serialized files (Serialized files now loaded: 0)
System memory in use before: 91.4 MB.
System memory in use after: 91.3 MB.

Unloading 14 unused Assets to reduce memory usage. Loaded Objects now: 2369.
Total: 3.058929 ms (FindLiveObjects: 0.245974 ms CreateObjectMapping: 0.086003 ms MarkObjects: 2.516370 ms  DeleteObjects: 0.208459 ms)

========================================================================
Received Prepare
Registering precompiled user dll's ...
Registered in 0.002492 seconds.
Begin MonoManager ReloadAssembly
Native extension for WindowsStandalone target not found
Refreshing native plugins compatible for Editor in 0.51 ms, found 2 plugins.
Preloading 0 native plugins for Editor in 0.00 ms.
Mono: successfully reloaded assembly
- Completed reload, in  1.133 seconds
Platform modules already initialized, skipping
Refreshing native plugins compatible for Editor in 2.03 ms, found 2 plugins.
Preloading 0 native plugins for Editor in 0.00 ms.
Unloading 1818 Unused Serialized files (Serialized files now loaded: 0)
System memory in use before: 91.4 MB.
System memory in use after: 91.3 MB.

Unloading 14 unused Assets to reduce memory usage. Loaded Objects now: 2373.
Total: 3.897719 ms (FindLiveObjects: 0.230402 ms CreateObjectMapping: 0.083171 ms MarkObjects: 3.330031 ms  DeleteObjects: 0.251283 ms)

========================================================================
Received Prepare
Registering precompiled user dll's ...
Registered in 0.001313 seconds.
Begin MonoManager ReloadAssembly
Native extension for WindowsStandalone target not found
Refreshing native plugins compatible for Editor in 0.45 ms, found 2 plugins.
Preloading 0 native plugins for Editor in 0.00 ms.
Mono: successfully reloaded assembly
- Completed reload, in  1.049 seconds
Platform modules already initialized, skipping
Refreshing native plugins compatible for Editor in 0.62 ms, found 2 plugins.
Preloading 0 native plugins for Editor in 0.00 ms.
Unloading 1818 Unused Serialized files (Serialized files now loaded: 0)
System memory in use before: 91.4 MB.
System memory in use after: 91.4 MB.

Unloading 14 unused Assets to reduce memory usage. Loaded Objects now: 2377.
Total: 3.274820 ms (FindLiveObjects: 0.346487 ms CreateObjectMapping: 0.198903 ms MarkObjects: 2.583261 ms  DeleteObjects: 0.144399 ms)

========================================================================
Received Prepare
Registering precompiled user dll's ...
Registered in 0.001221 seconds.
Begin MonoManager ReloadAssembly
Native extension for WindowsStandalone target not found
Refreshing native plugins compatible for Editor in 0.47 ms, found 2 plugins.
Preloading 0 native plugins for Editor in 0.00 ms.
Mono: successfully reloaded assembly
- Completed reload, in  1.127 seconds
Platform modules already initialized, skipping
Refreshing native plugins compatible for Editor in 0.83 ms, found 2 plugins.
Preloading 0 native plugins for Editor in 0.00 ms.
Unloading 1818 Unused Serialized files (Serialized files now loaded: 0)
System memory in use before: 91.4 MB.
System memory in use after: 91.4 MB.

Unloading 14 unused Assets to reduce memory usage. Loaded Objects now: 2381.
Total: 4.085650 ms (FindLiveObjects: 0.351442 ms CreateObjectMapping: 0.201026 ms MarkObjects: 3.340649 ms  DeleteObjects: 0.189347 ms)

========================================================================
Received Prepare
Registering precompiled user dll's ...
Registered in 0.001505 seconds.
Begin MonoManager ReloadAssembly
Native extension for WindowsStandalone target not found
Refreshing native plugins compatible for Editor in 0.56 ms, found 2 plugins.
Preloading 0 native plugins for Editor in 0.00 ms.
Mono: successfully reloaded assembly
- Completed reload, in  1.320 seconds
Platform modules already initialized, skipping
Refreshing native plugins compatible for Editor in 0.68 ms, found 2 plugins.
Preloading 0 native plugins for Editor in 0.00 ms.
Unloading 1818 Unused Serialized files (Serialized files now loaded: 0)
System memory in use before: 91.4 MB.
System memory in use after: 91.4 MB.

Unloading 14 unused Assets to reduce memory usage. Loaded Objects now: 2385.
Total: 3.771723 ms (FindLiveObjects: 0.606265 ms CreateObjectMapping: 0.315696 ms MarkObjects: 2.683420 ms  DeleteObjects: 0.163865 ms)

========================================================================
Received Prepare
Registering precompiled user dll's ...
Registered in 0.001368 seconds.
Begin MonoManager ReloadAssembly
Native extension for WindowsStandalone target not found
Refreshing native plugins compatible for Editor in 0.54 ms, found 2 plugins.
Preloading 0 native plugins for Editor in 0.00 ms.
Mono: successfully reloaded assembly
- Completed reload, in  1.202 seconds
Platform modules already initialized, skipping
Refreshing native plugins compatible for Editor in 0.91 ms, found 2 plugins.
Preloading 0 native plugins for Editor in 0.00 ms.
Unloading 1818 Unused Serialized files (Serialized files now loaded: 0)
System memory in use before: 91.4 MB.
System memory in use after: 91.4 MB.

Unloading 14 unused Assets to reduce memory usage. Loaded Objects now: 2389.
Total: 3.456381 ms (FindLiveObjects: 0.358167 ms CreateObjectMapping: 0.202796 ms MarkObjects: 2.734384 ms  DeleteObjects: 0.158910 ms)

========================================================================
Received Prepare
Registering precompiled user dll's ...
Registered in 0.001759 seconds.
Begin MonoManager ReloadAssembly
Native extension for WindowsStandalone target not found
Refreshing native plugins compatible for Editor in 0.67 ms, found 2 plugins.
Preloading 0 native plugins for Editor in 0.00 ms.
Mono: successfully reloaded assembly
- Completed reload, in  1.207 seconds
Platform modules already initialized, skipping
Refreshing native plugins compatible for Editor in 0.81 ms, found 2 plugins.
Preloading 0 native plugins for Editor in 0.00 ms.
Unloading 1818 Unused Serialized files (Serialized files now loaded: 0)
System memory in use before: 91.4 MB.
System memory in use after: 91.4 MB.

Unloading 14 unused Assets to reduce memory usage. Loaded Objects now: 2393.
Total: 3.366485 ms (FindLiveObjects: 0.387188 ms CreateObjectMapping: 0.194656 ms MarkObjects: 2.632809 ms  DeleteObjects: 0.149708 ms)

========================================================================
Received Prepare
Registering precompiled user dll's ...
Registered in 0.001108 seconds.
Begin MonoManager ReloadAssembly
Native extension for WindowsStandalone target not found
Refreshing native plugins compatible for Editor in 0.73 ms, found 2 plugins.
Preloading 0 native plugins for Editor in 0.00 ms.
Mono: successfully reloaded assembly
- Completed reload, in  1.201 seconds
Platform modules already initialized, skipping
Refreshing native plugins compatible for Editor in 0.85 ms, found 2 plugins.
Preloading 0 native plugins for Editor in 0.00 ms.
Unloading 1818 Unused Serialized files (Serialized files now loaded: 0)
System memory in use before: 91.4 MB.
System memory in use after: 91.4 MB.

Unloading 14 unused Assets to reduce memory usage. Loaded Objects now: 2397.
Total: 3.832597 ms (FindLiveObjects: 0.343656 ms CreateObjectMapping: 0.201380 ms MarkObjects: 3.102461 ms  DeleteObjects: 0.183330 ms)

========================================================================
Received Prepare
Registering precompiled user dll's ...
Registered in 0.000999 seconds.
Begin MonoManager ReloadAssembly
Native extension for WindowsStandalone target not found
Refreshing native plugins compatible for Editor in 0.46 ms, found 2 plugins.
Preloading 0 native plugins for Editor in 0.00 ms.
Mono: successfully reloaded assembly
- Completed reload, in  1.162 seconds
Platform modules already initialized, skipping
Refreshing native plugins compatible for Editor in 0.58 ms, found 2 plugins.
Preloading 0 native plugins for Editor in 0.00 ms.
Unloading 1818 Unused Serialized files (Serialized files now loaded: 0)
System memory in use before: 91.4 MB.
System memory in use after: 91.4 MB.

Unloading 14 unused Assets to reduce memory usage. Loaded Objects now: 2401.
Total: 3.066361 ms (FindLiveObjects: 0.480623 ms CreateObjectMapping: 0.242081 ms MarkObjects: 2.188640 ms  DeleteObjects: 0.152539 ms)

========================================================================
Received Prepare
Registering precompiled user dll's ...
Registered in 0.001439 seconds.
Begin MonoManager ReloadAssembly
Native extension for WindowsStandalone target not found
Refreshing native plugins compatible for Editor in 0.61 ms, found 2 plugins.
Preloading 0 native plugins for Editor in 0.00 ms.
Mono: successfully reloaded assembly
- Completed reload, in  1.055 seconds
Platform modules already initialized, skipping
Refreshing native plugins compatible for Editor in 0.57 ms, found 2 plugins.
Preloading 0 native plugins for Editor in 0.00 ms.
Unloading 1818 Unused Serialized files (Serialized files now loaded: 0)
System memory in use before: 91.4 MB.
System memory in use after: 91.4 MB.

Unloading 14 unused Assets to reduce memory usage. Loaded Objects now: 2405.
Total: 3.242613 ms (FindLiveObjects: 0.358521 ms CreateObjectMapping: 0.198195 ms MarkObjects: 2.528403 ms  DeleteObjects: 0.155017 ms)

========================================================================
Received Prepare
Registering precompiled user dll's ...
Registered in 0.001333 seconds.
Begin MonoManager ReloadAssembly
Native extension for WindowsStandalone target not found
Refreshing native plugins compatible for Editor in 0.55 ms, found 2 plugins.
Preloading 0 native plugins for Editor in 0.00 ms.
Mono: successfully reloaded assembly
- Completed reload, in  1.057 seconds
Platform modules already initialized, skipping
Refreshing native plugins compatible for Editor in 0.57 ms, found 2 plugins.
Preloading 0 native plugins for Editor in 0.00 ms.
Unloading 1818 Unused Serialized files (Serialized files now loaded: 0)
System memory in use before: 91.4 MB.
System memory in use after: 91.4 MB.

Unloading 14 unused Assets to reduce memory usage. Loaded Objects now: 2409.
Total: 3.166520 ms (FindLiveObjects: 0.353566 ms CreateObjectMapping: 0.198195 ms MarkObjects: 2.470714 ms  DeleteObjects: 0.141568 ms)

========================================================================
Received Prepare
Registering precompiled user dll's ...
Registered in 0.001910 seconds.
Begin MonoManager ReloadAssembly
Native extension for WindowsStandalone target not found
Refreshing native plugins compatible for Editor in 0.51 ms, found 2 plugins.
Preloading 0 native plugins for Editor in 0.00 ms.
Mono: successfully reloaded assembly
- Completed reload, in  1.119 seconds
Platform modules already initialized, skipping
Refreshing native plugins compatible for Editor in 0.73 ms, found 2 plugins.
Preloading 0 native plugins for Editor in 0.00 ms.
Unloading 1818 Unused Serialized files (Serialized files now loaded: 0)
System memory in use before: 91.5 MB.
System memory in use after: 91.4 MB.

Unloading 14 unused Assets to reduce memory usage. Loaded Objects now: 2413.
Total: 3.950453 ms (FindLiveObjects: 0.339055 ms CreateObjectMapping: 0.204920 ms MarkObjects: 3.243675 ms  DeleteObjects: 0.160680 ms)

========================================================================
Received Prepare
Registering precompiled user dll's ...
Registered in 0.001483 seconds.
Begin MonoManager ReloadAssembly
Native extension for WindowsStandalone target not found
Refreshing native plugins compatible for Editor in 0.50 ms, found 2 plugins.
Preloading 0 native plugins for Editor in 0.00 ms.
Mono: successfully reloaded assembly
- Completed reload, in  1.081 seconds
Platform modules already initialized, skipping
Refreshing native plugins compatible for Editor in 0.55 ms, found 2 plugins.
Preloading 0 native plugins for Editor in 0.00 ms.
Unloading 1818 Unused Serialized files (Serialized files now loaded: 0)
System memory in use before: 91.5 MB.
System memory in use after: 91.4 MB.

Unloading 14 unused Assets to reduce memory usage. Loaded Objects now: 2417.
Total: 3.387720 ms (FindLiveObjects: 0.499381 ms CreateObjectMapping: 0.204920 ms MarkObjects: 2.535835 ms  DeleteObjects: 0.146523 ms)

========================================================================
Received Prepare
Registering precompiled user dll's ...
Registered in 0.001326 seconds.
Begin MonoManager ReloadAssembly
Native extension for WindowsStandalone target not found
Refreshing native plugins compatible for Editor in 0.51 ms, found 2 plugins.
Preloading 0 native plugins for Editor in 0.00 ms.
Mono: successfully reloaded assembly
- Completed reload, in  1.022 seconds
Platform modules already initialized, skipping
Refreshing native plugins compatible for Editor in 0.53 ms, found 2 plugins.
Preloading 0 native plugins for Editor in 0.00 ms.
Unloading 1818 Unused Serialized files (Serialized files now loaded: 0)
System memory in use before: 91.5 MB.
System memory in use after: 91.5 MB.

Unloading 14 unused Assets to reduce memory usage. Loaded Objects now: 2421.
Total: 4.013804 ms (FindLiveObjects: 0.449832 ms CreateObjectMapping: 0.201380 ms MarkObjects: 3.185278 ms  DeleteObjects: 0.175544 ms)

========================================================================
Received Import Request.
  Time since last request: 3744.830434 seconds.
  path: Assets/Scripts/Player/DestroyPlayer.cs
  artifactKey: Guid(d7da370164012ea48ad7b6cda382f8aa) Importer(815301076,1909f56bfc062723c751e8b465ee728b)
Start importing Assets/Scripts/Player/DestroyPlayer.cs using Guid(d7da370164012ea48ad7b6cda382f8aa) Importer(815301076,1909f56bfc062723c751e8b465ee728b)  -> (artifact id: '88cd23fe967209c7d9991d02369230d9') in 0.028504 seconds
  Import took 0.035960 seconds .

========================================================================
Received Prepare
Registering precompiled user dll's ...
Registered in 0.001159 seconds.
Begin MonoManager ReloadAssembly
Native extension for WindowsStandalone target not found
Refreshing native plugins compatible for Editor in 0.50 ms, found 2 plugins.
Preloading 0 native plugins for Editor in 0.00 ms.
Mono: successfully reloaded assembly
- Completed reload, in  1.189 seconds
Platform modules already initialized, skipping
Refreshing native plugins compatible for Editor in 0.65 ms, found 2 plugins.
Preloading 0 native plugins for Editor in 0.00 ms.
Unloading 1819 Unused Serialized files (Serialized files now loaded: 0)
System memory in use before: 91.5 MB.
System memory in use after: 91.5 MB.

Unloading 14 unused Assets to reduce memory usage. Loaded Objects now: 2426.
Total: 3.675457 ms (FindLiveObjects: 0.384357 ms CreateObjectMapping: 0.091665 ms MarkObjects: 3.049727 ms  DeleteObjects: 0.148292 ms)

========================================================================
Received Prepare
Registering precompiled user dll's ...
Registered in 0.001800 seconds.
Begin MonoManager ReloadAssembly
Native extension for WindowsStandalone target not found
Refreshing native plugins compatible for Editor in 0.48 ms, found 2 plugins.
Preloading 0 native plugins for Editor in 0.00 ms.
Mono: successfully reloaded assembly
- Completed reload, in  1.140 seconds
Platform modules already initialized, skipping
Refreshing native plugins compatible for Editor in 0.94 ms, found 2 plugins.
Preloading 0 native plugins for Editor in 0.00 ms.
Unloading 1819 Unused Serialized files (Serialized files now loaded: 0)
System memory in use before: 91.5 MB.
System memory in use after: 91.5 MB.

Unloading 14 unused Assets to reduce memory usage. Loaded Objects now: 2430.
Total: 3.431960 ms (FindLiveObjects: 0.468590 ms CreateObjectMapping: 0.206689 ms MarkObjects: 2.599187 ms  DeleteObjects: 0.154663 ms)

========================================================================
Received Prepare
Registering precompiled user dll's ...
Registered in 0.001391 seconds.
Begin MonoManager ReloadAssembly
Native extension for WindowsStandalone target not found
Refreshing native plugins compatible for Editor in 0.46 ms, found 2 plugins.
Preloading 0 native plugins for Editor in 0.00 ms.
Mono: successfully reloaded assembly
- Completed reload, in  1.089 seconds
Platform modules already initialized, skipping
Refreshing native plugins compatible for Editor in 0.51 ms, found 2 plugins.
Preloading 0 native plugins for Editor in 0.00 ms.
Unloading 1819 Unused Serialized files (Serialized files now loaded: 0)
System memory in use before: 91.5 MB.
System memory in use after: 91.5 MB.

Unloading 14 unused Assets to reduce memory usage. Loaded Objects now: 2434.
Total: 3.771723 ms (FindLiveObjects: 0.353920 ms CreateObjectMapping: 0.203504 ms MarkObjects: 3.056451 ms  DeleteObjects: 0.155371 ms)

========================================================================
Received Prepare
Registering precompiled user dll's ...
Registered in 0.001263 seconds.
Begin MonoManager ReloadAssembly
Native extension for WindowsStandalone target not found
Refreshing native plugins compatible for Editor in 0.50 ms, found 2 plugins.
Preloading 0 native plugins for Editor in 0.00 ms.
Mono: successfully reloaded assembly
- Completed reload, in  1.181 seconds
Platform modules already initialized, skipping
Refreshing native plugins compatible for Editor in 0.76 ms, found 2 plugins.
Preloading 0 native plugins for Editor in 0.00 ms.
Unloading 1819 Unused Serialized files (Serialized files now loaded: 0)
System memory in use before: 91.5 MB.
System memory in use after: 91.5 MB.

Unloading 14 unused Assets to reduce memory usage. Loaded Objects now: 2438.
Total: 4.369848 ms (FindLiveObjects: 1.545568 ms CreateObjectMapping: 0.220138 ms MarkObjects: 2.462574 ms  DeleteObjects: 0.139090 ms)

========================================================================
Received Prepare
Registering precompiled user dll's ...
Registered in 0.001404 seconds.
Begin MonoManager ReloadAssembly
Native extension for WindowsStandalone target not found
Refreshing native plugins compatible for Editor in 0.49 ms, found 2 plugins.
Preloading 0 native plugins for Editor in 0.00 ms.
Mono: successfully reloaded assembly
- Completed reload, in  1.023 seconds
Platform modules already initialized, skipping
Refreshing native plugins compatible for Editor in 0.54 ms, found 2 plugins.
Preloading 0 native plugins for Editor in 0.00 ms.
Unloading 1819 Unused Serialized files (Serialized files now loaded: 0)
System memory in use before: 91.5 MB.
System memory in use after: 91.5 MB.

Unloading 14 unused Assets to reduce memory usage. Loaded Objects now: 2442.
Total: 2.938242 ms (FindLiveObjects: 0.257300 ms CreateObjectMapping: 0.095204 ms MarkObjects: 2.429305 ms  DeleteObjects: 0.155371 ms)

========================================================================
Received Prepare
Registering precompiled user dll's ...
Registered in 0.001037 seconds.
Begin MonoManager ReloadAssembly
Native extension for WindowsStandalone target not found
Refreshing native plugins compatible for Editor in 0.55 ms, found 2 plugins.
Preloading 0 native plugins for Editor in 0.00 ms.
Mono: successfully reloaded assembly
- Completed reload, in  1.116 seconds
Platform modules already initialized, skipping
Refreshing native plugins compatible for Editor in 0.72 ms, found 2 plugins.
Preloading 0 native plugins for Editor in 0.00 ms.
Unloading 1819 Unused Serialized files (Serialized files now loaded: 0)
System memory in use before: 91.5 MB.
System memory in use after: 91.5 MB.

Unloading 14 unused Assets to reduce memory usage. Loaded Objects now: 2446.
Total: 3.839322 ms (FindLiveObjects: 0.484870 ms CreateObjectMapping: 0.198195 ms MarkObjects: 2.991330 ms  DeleteObjects: 0.162449 ms)

========================================================================
Received Prepare
Registering precompiled user dll's ...
Registered in 0.001621 seconds.
Begin MonoManager ReloadAssembly
Native extension for WindowsStandalone target not found
Refreshing native plugins compatible for Editor in 0.47 ms, found 2 plugins.
Preloading 0 native plugins for Editor in 0.00 ms.
Mono: successfully reloaded assembly
- Completed reload, in  1.166 seconds
Platform modules already initialized, skipping
Refreshing native plugins compatible for Editor in 0.52 ms, found 2 plugins.
Preloading 0 native plugins for Editor in 0.00 ms.
Unloading 1819 Unused Serialized files (Serialized files now loaded: 0)
System memory in use before: 91.6 MB.
System memory in use after: 91.5 MB.

Unloading 14 unused Assets to reduce memory usage. Loaded Objects now: 2450.
Total: 3.112017 ms (FindLiveObjects: 0.402407 ms CreateObjectMapping: 0.199257 ms MarkObjects: 2.360999 ms  DeleteObjects: 0.146877 ms)

========================================================================
Received Prepare
Registering precompiled user dll's ...
Registered in 0.001347 seconds.
Begin MonoManager ReloadAssembly
Native extension for WindowsStandalone target not found
Refreshing native plugins compatible for Editor in 0.52 ms, found 2 plugins.
Preloading 0 native plugins for Editor in 0.00 ms.
Mono: successfully reloaded assembly
- Completed reload, in  1.088 seconds
Platform modules already initialized, skipping
Refreshing native plugins compatible for Editor in 0.54 ms, found 2 plugins.
Preloading 0 native plugins for Editor in 0.00 ms.
Unloading 1819 Unused Serialized files (Serialized files now loaded: 0)
System memory in use before: 91.6 MB.
System memory in use after: 91.5 MB.

Unloading 14 unused Assets to reduce memory usage. Loaded Objects now: 2454.
Total: 3.047957 ms (FindLiveObjects: 0.355689 ms CreateObjectMapping: 0.203504 ms MarkObjects: 2.351089 ms  DeleteObjects: 0.136613 ms)

========================================================================
Received Prepare
Registering precompiled user dll's ...
Registered in 0.001343 seconds.
Begin MonoManager ReloadAssembly
Native extension for WindowsStandalone target not found
Refreshing native plugins compatible for Editor in 0.50 ms, found 2 plugins.
Preloading 0 native plugins for Editor in 0.00 ms.
Mono: successfully reloaded assembly
- Completed reload, in  1.135 seconds
Platform modules already initialized, skipping
Refreshing native plugins compatible for Editor in 0.50 ms, found 2 plugins.
Preloading 0 native plugins for Editor in 0.00 ms.
Unloading 1819 Unused Serialized files (Serialized files now loaded: 0)
System memory in use before: 91.6 MB.
System memory in use after: 91.5 MB.

Unloading 14 unused Assets to reduce memory usage. Loaded Objects now: 2458.
Total: 3.193418 ms (FindLiveObjects: 0.362414 ms CreateObjectMapping: 0.200673 ms MarkObjects: 2.485579 ms  DeleteObjects: 0.142984 ms)

========================================================================
Received Import Request.
  Time since last request: 1298.886212 seconds.
  path: Assets/Prefabs/BigAsteroid.prefab
  artifactKey: Guid(34d5617011cb1aa40b2bd7d1e21c5c49) Importer(815301076,1909f56bfc062723c751e8b465ee728b)
Start importing Assets/Prefabs/BigAsteroid.prefab using Guid(34d5617011cb1aa40b2bd7d1e21c5c49) Importer(815301076,1909f56bfc062723c751e8b465ee728b)  -> (artifact id: '8c1233f86bdec601536379d92c0b44ba') in 0.099047 seconds
  Import took 0.104654 seconds .

========================================================================
Received Prepare
Registering precompiled user dll's ...
Registered in 0.001515 seconds.
Begin MonoManager ReloadAssembly
Native extension for WindowsStandalone target not found
Refreshing native plugins compatible for Editor in 0.47 ms, found 2 plugins.
Preloading 0 native plugins for Editor in 0.00 ms.
Mono: successfully reloaded assembly
- Completed reload, in  1.098 seconds
Platform modules already initialized, skipping
Refreshing native plugins compatible for Editor in 1.14 ms, found 2 plugins.
Preloading 0 native plugins for Editor in 0.00 ms.
Unloading 1819 Unused Serialized files (Serialized files now loaded: 0)
System memory in use before: 91.6 MB.
System memory in use after: 91.6 MB.

Unloading 14 unused Assets to reduce memory usage. Loaded Objects now: 2463.
Total: 3.175722 ms (FindLiveObjects: 0.493364 ms CreateObjectMapping: 0.199611 ms MarkObjects: 2.340825 ms  DeleteObjects: 0.140152 ms)

========================================================================
Received Prepare
Registering precompiled user dll's ...
Registered in 0.001290 seconds.
Begin MonoManager ReloadAssembly
Native extension for WindowsStandalone target not found
Refreshing native plugins compatible for Editor in 0.68 ms, found 2 plugins.
Preloading 0 native plugins for Editor in 0.00 ms.
Mono: successfully reloaded assembly
- Completed reload, in  1.059 seconds
Platform modules already initialized, skipping
Refreshing native plugins compatible for Editor in 0.60 ms, found 2 plugins.
Preloading 0 native plugins for Editor in 0.00 ms.
Unloading 1819 Unused Serialized files (Serialized files now loaded: 0)
System memory in use before: 91.6 MB.
System memory in use after: 91.6 MB.

Unloading 14 unused Assets to reduce memory usage. Loaded Objects now: 2467.
Total: 3.190587 ms (FindLiveObjects: 0.431428 ms CreateObjectMapping: 0.216953 ms MarkObjects: 2.400992 ms  DeleteObjects: 0.139798 ms)

========================================================================
Received Import Request.
  Time since last request: 111.918751 seconds.
  path: Assets/Prefabs/BigAsteroid.prefab
  artifactKey: Guid(34d5617011cb1aa40b2bd7d1e21c5c49) Importer(815301076,1909f56bfc062723c751e8b465ee728b)
Start importing Assets/Prefabs/BigAsteroid.prefab using Guid(34d5617011cb1aa40b2bd7d1e21c5c49) Importer(815301076,1909f56bfc062723c751e8b465ee728b)  -> (artifact id: '60776b2c9040659a6169238c10ea0a83') in 0.076011 seconds
  Import took 0.080647 seconds .

========================================================================
Received Import Request.
  Time since last request: 0.023952 seconds.
  path: Assets/Prefabs/BigAsteroid.prefab
  artifactKey: Guid(34d5617011cb1aa40b2bd7d1e21c5c49) Importer(815301076,1909f56bfc062723c751e8b465ee728b)
Start importing Assets/Prefabs/BigAsteroid.prefab using Guid(34d5617011cb1aa40b2bd7d1e21c5c49) Importer(815301076,1909f56bfc062723c751e8b465ee728b)  -> (artifact id: '60776b2c9040659a6169238c10ea0a83') in 0.022899 seconds
  Import took 0.030010 seconds .

========================================================================
Received Prepare
Registering precompiled user dll's ...
Registered in 0.001173 seconds.
Begin MonoManager ReloadAssembly
Native extension for WindowsStandalone target not found
Refreshing native plugins compatible for Editor in 0.48 ms, found 2 plugins.
Preloading 0 native plugins for Editor in 0.00 ms.
Mono: successfully reloaded assembly
- Completed reload, in  1.018 seconds
Platform modules already initialized, skipping
Refreshing native plugins compatible for Editor in 0.53 ms, found 2 plugins.
Preloading 0 native plugins for Editor in 0.00 ms.
Unloading 1819 Unused Serialized files (Serialized files now loaded: 0)
System memory in use before: 91.6 MB.
System memory in use after: 91.6 MB.

Unloading 14 unused Assets to reduce memory usage. Loaded Objects now: 2472.
Total: 4.067600 ms (FindLiveObjects: 0.465758 ms CreateObjectMapping: 0.210936 ms MarkObjects: 3.227041 ms  DeleteObjects: 0.161387 ms)

========================================================================
Received Prepare
Registering precompiled user dll's ...
Registered in 0.002934 seconds.
Begin MonoManager ReloadAssembly
Native extension for WindowsStandalone target not found
Refreshing native plugins compatible for Editor in 0.47 ms, found 2 plugins.
Preloading 0 native plugins for Editor in 0.00 ms.
Mono: successfully reloaded assembly
- Completed reload, in  1.043 seconds
Platform modules already initialized, skipping
Refreshing native plugins compatible for Editor in 0.57 ms, found 2 plugins.
Preloading 0 native plugins for Editor in 0.00 ms.
Unloading 1819 Unused Serialized files (Serialized files now loaded: 0)
System memory in use before: 91.6 MB.
System memory in use after: 91.6 MB.

Unloading 14 unused Assets to reduce memory usage. Loaded Objects now: 2476.
Total: 3.362592 ms (FindLiveObjects: 0.448416 ms CreateObjectMapping: 0.216245 ms MarkObjects: 2.545037 ms  DeleteObjects: 0.151478 ms)

========================================================================
Received Prepare
Registering precompiled user dll's ...
Registered in 0.001802 seconds.
Begin MonoManager ReloadAssembly
Native extension for WindowsStandalone target not found
Refreshing native plugins compatible for Editor in 0.52 ms, found 2 plugins.
Preloading 0 native plugins for Editor in 0.00 ms.
Mono: successfully reloaded assembly
- Completed reload, in  1.060 seconds
Platform modules already initialized, skipping
Refreshing native plugins compatible for Editor in 0.64 ms, found 2 plugins.
Preloading 0 native plugins for Editor in 0.00 ms.
Unloading 1819 Unused Serialized files (Serialized files now loaded: 0)
System memory in use before: 91.6 MB.
System memory in use after: 91.6 MB.

Unloading 14 unused Assets to reduce memory usage. Loaded Objects now: 2480.
Total: 3.450718 ms (FindLiveObjects: 0.386480 ms CreateObjectMapping: 0.199257 ms MarkObjects: 2.710672 ms  DeleteObjects: 0.152893 ms)

========================================================================
Received Prepare
Registering precompiled user dll's ...
Registered in 0.001343 seconds.
Begin MonoManager ReloadAssembly
Native extension for WindowsStandalone target not found
Refreshing native plugins compatible for Editor in 0.54 ms, found 2 plugins.
Preloading 0 native plugins for Editor in 0.00 ms.
Mono: successfully reloaded assembly
- Completed reload, in  1.085 seconds
Platform modules already initialized, skipping
Refreshing native plugins compatible for Editor in 1.77 ms, found 2 plugins.
Preloading 0 native plugins for Editor in 0.00 ms.
Unloading 1819 Unused Serialized files (Serialized files now loaded: 0)
System memory in use before: 91.6 MB.
System memory in use after: 91.6 MB.

Unloading 14 unused Assets to reduce memory usage. Loaded Objects now: 2484.
Total: 3.714742 ms (FindLiveObjects: 0.393205 ms CreateObjectMapping: 0.215537 ms MarkObjects: 2.943197 ms  DeleteObjects: 0.161034 ms)

========================================================================
Received Prepare
Registering precompiled user dll's ...
Registered in 0.002093 seconds.
Begin MonoManager ReloadAssembly
Native extension for WindowsStandalone target not found
Refreshing native plugins compatible for Editor in 0.47 ms, found 2 plugins.
Preloading 0 native plugins for Editor in 0.00 ms.
Mono: successfully reloaded assembly
- Completed reload, in  1.113 seconds
Platform modules already initialized, skipping
Refreshing native plugins compatible for Editor in 1.49 ms, found 2 plugins.
Preloading 0 native plugins for Editor in 0.00 ms.
Unloading 1819 Unused Serialized files (Serialized files now loaded: 0)
System memory in use before: 91.6 MB.
System memory in use after: 91.6 MB.

Unloading 14 unused Assets to reduce memory usage. Loaded Objects now: 2488.
Total: 3.361176 ms (FindLiveObjects: 0.369492 ms CreateObjectMapping: 0.202442 ms MarkObjects: 2.641657 ms  DeleteObjects: 0.145107 ms)

========================================================================
Received Prepare
Registering precompiled user dll's ...
Registered in 0.001396 seconds.
Begin MonoManager ReloadAssembly
Native extension for WindowsStandalone target not found
Refreshing native plugins compatible for Editor in 0.51 ms, found 2 plugins.
Preloading 0 native plugins for Editor in 0.00 ms.
Mono: successfully reloaded assembly
- Completed reload, in  1.078 seconds
Platform modules already initialized, skipping
Refreshing native plugins compatible for Editor in 0.54 ms, found 2 plugins.
Preloading 0 native plugins for Editor in 0.00 ms.
Unloading 1819 Unused Serialized files (Serialized files now loaded: 0)
System memory in use before: 91.6 MB.
System memory in use after: 91.6 MB.

Unloading 14 unused Assets to reduce memory usage. Loaded Objects now: 2492.
Total: 3.295347 ms (FindLiveObjects: 0.477084 ms CreateObjectMapping: 0.203150 ms MarkObjects: 2.467883 ms  DeleteObjects: 0.144399 ms)

========================================================================
Received Prepare
Registering precompiled user dll's ...
Registered in 0.001234 seconds.
Begin MonoManager ReloadAssembly
Native extension for WindowsStandalone target not found
Refreshing native plugins compatible for Editor in 0.45 ms, found 2 plugins.
Preloading 0 native plugins for Editor in 0.00 ms.
Mono: successfully reloaded assembly
- Completed reload, in  1.166 seconds
Platform modules already initialized, skipping
Refreshing native plugins compatible for Editor in 0.58 ms, found 2 plugins.
Preloading 0 native plugins for Editor in 0.00 ms.
Unloading 1819 Unused Serialized files (Serialized files now loaded: 0)
System memory in use before: 91.6 MB.
System memory in use after: 91.6 MB.

Unloading 14 unused Assets to reduce memory usage. Loaded Objects now: 2496.
Total: 2.683066 ms (FindLiveObjects: 0.299770 ms CreateObjectMapping: 0.094851 ms MarkObjects: 2.145816 ms  DeleteObjects: 0.140506 ms)

========================================================================
Received Prepare
Registering precompiled user dll's ...
Registered in 0.001392 seconds.
Begin MonoManager ReloadAssembly
Native extension for WindowsStandalone target not found
Refreshing native plugins compatible for Editor in 0.54 ms, found 2 plugins.
Preloading 0 native plugins for Editor in 0.00 ms.
Mono: successfully reloaded assembly
- Completed reload, in  1.058 seconds
Platform modules already initialized, skipping
Refreshing native plugins compatible for Editor in 0.58 ms, found 2 plugins.
Preloading 0 native plugins for Editor in 0.00 ms.
Unloading 1819 Unused Serialized files (Serialized files now loaded: 0)
System memory in use before: 91.7 MB.
System memory in use after: 91.6 MB.

Unloading 14 unused Assets to reduce memory usage. Loaded Objects now: 2500.
Total: 5.177493 ms (FindLiveObjects: 0.364183 ms CreateObjectMapping: 0.204566 ms MarkObjects: 4.436031 ms  DeleteObjects: 0.170943 ms)

========================================================================
Received Prepare
Registering precompiled user dll's ...
Registered in 0.001056 seconds.
Begin MonoManager ReloadAssembly
Native extension for WindowsStandalone target not found
Refreshing native plugins compatible for Editor in 0.52 ms, found 2 plugins.
Preloading 0 native plugins for Editor in 0.00 ms.
Mono: successfully reloaded assembly
- Completed reload, in  1.143 seconds
Platform modules already initialized, skipping
Refreshing native plugins compatible for Editor in 0.51 ms, found 2 plugins.
Preloading 0 native plugins for Editor in 0.00 ms.
Unloading 1819 Unused Serialized files (Serialized files now loaded: 0)
System memory in use before: 91.7 MB.
System memory in use after: 91.6 MB.

Unloading 14 unused Assets to reduce memory usage. Loaded Objects now: 2504.
Total: 4.312159 ms (FindLiveObjects: 0.487348 ms CreateObjectMapping: 0.202088 ms MarkObjects: 3.460982 ms  DeleteObjects: 0.158202 ms)

========================================================================
Received Prepare
Registering precompiled user dll's ...
Registered in 0.001514 seconds.
Begin MonoManager ReloadAssembly
Native extension for WindowsStandalone target not found
Refreshing native plugins compatible for Editor in 0.47 ms, found 2 plugins.
Preloading 0 native plugins for Editor in 0.00 ms.
Mono: successfully reloaded assembly
- Completed reload, in  1.070 seconds
Platform modules already initialized, skipping
Refreshing native plugins compatible for Editor in 0.62 ms, found 2 plugins.
Preloading 0 native plugins for Editor in 0.00 ms.
Unloading 1819 Unused Serialized files (Serialized files now loaded: 0)
System memory in use before: 91.7 MB.
System memory in use after: 91.7 MB.

Unloading 14 unused Assets to reduce memory usage. Loaded Objects now: 2508.
Total: 3.258893 ms (FindLiveObjects: 0.481685 ms CreateObjectMapping: 0.202088 ms MarkObjects: 2.380111 ms  DeleteObjects: 0.192178 ms)

========================================================================
Received Prepare
Registering precompiled user dll's ...
Registered in 0.001450 seconds.
Begin MonoManager ReloadAssembly
Native extension for WindowsStandalone target not found
Refreshing native plugins compatible for Editor in 0.46 ms, found 2 plugins.
Preloading 0 native plugins for Editor in 0.00 ms.
Mono: successfully reloaded assembly
- Completed reload, in  1.153 seconds
Platform modules already initialized, skipping
Refreshing native plugins compatible for Editor in 0.59 ms, found 2 plugins.
Preloading 0 native plugins for Editor in 0.00 ms.
Unloading 1819 Unused Serialized files (Serialized files now loaded: 0)
System memory in use before: 91.7 MB.
System memory in use after: 91.7 MB.

Unloading 14 unused Assets to reduce memory usage. Loaded Objects now: 2512.
Total: 3.132544 ms (FindLiveObjects: 0.382233 ms CreateObjectMapping: 0.206335 ms MarkObjects: 2.391790 ms  DeleteObjects: 0.150062 ms)

========================================================================
Received Prepare
Registering precompiled user dll's ...
Registered in 0.001540 seconds.
Begin MonoManager ReloadAssembly
Native extension for WindowsStandalone target not found
Refreshing native plugins compatible for Editor in 0.51 ms, found 2 plugins.
Preloading 0 native plugins for Editor in 0.00 ms.
Mono: successfully reloaded assembly
- Completed reload, in  1.007 seconds
Platform modules already initialized, skipping
Refreshing native plugins compatible for Editor in 0.60 ms, found 2 plugins.
Preloading 0 native plugins for Editor in 0.00 ms.
Unloading 1819 Unused Serialized files (Serialized files now loaded: 0)
System memory in use before: 91.7 MB.
System memory in use after: 91.7 MB.

Unloading 14 unused Assets to reduce memory usage. Loaded Objects now: 2516.
Total: 2.823926 ms (FindLiveObjects: 0.369138 ms CreateObjectMapping: 0.203858 ms MarkObjects: 2.107592 ms  DeleteObjects: 0.141568 ms)

========================================================================
Received Prepare
Registering precompiled user dll's ...
Registered in 0.001580 seconds.
Begin MonoManager ReloadAssembly
Native extension for WindowsStandalone target not found
Refreshing native plugins compatible for Editor in 0.50 ms, found 2 plugins.
Preloading 0 native plugins for Editor in 0.00 ms.
Mono: successfully reloaded assembly
- Completed reload, in  1.130 seconds
Platform modules already initialized, skipping
Refreshing native plugins compatible for Editor in 0.77 ms, found 2 plugins.
Preloading 0 native plugins for Editor in 0.00 ms.
Unloading 1819 Unused Serialized files (Serialized files now loaded: 0)
System memory in use before: 91.7 MB.
System memory in use after: 91.7 MB.

Unloading 14 unused Assets to reduce memory usage. Loaded Objects now: 2520.
Total: 3.852063 ms (FindLiveObjects: 0.474960 ms CreateObjectMapping: 0.202442 ms MarkObjects: 3.017520 ms  DeleteObjects: 0.155017 ms)

========================================================================
Received Prepare
Registering precompiled user dll's ...
Registered in 0.001619 seconds.
Begin MonoManager ReloadAssembly
Native extension for WindowsStandalone target not found
Refreshing native plugins compatible for Editor in 0.51 ms, found 2 plugins.
Preloading 0 native plugins for Editor in 0.00 ms.
Mono: successfully reloaded assembly
- Completed reload, in  1.079 seconds
Platform modules already initialized, skipping
Refreshing native plugins compatible for Editor in 0.74 ms, found 2 plugins.
Preloading 0 native plugins for Editor in 0.00 ms.
Unloading 1819 Unused Serialized files (Serialized files now loaded: 0)
System memory in use before: 91.7 MB.
System memory in use after: 91.7 MB.

Unloading 14 unused Assets to reduce memory usage. Loaded Objects now: 2524.
Total: 3.377457 ms (FindLiveObjects: 0.484516 ms CreateObjectMapping: 0.201734 ms MarkObjects: 2.541498 ms  DeleteObjects: 0.147231 ms)

========================================================================
Received Prepare
Registering precompiled user dll's ...
Registered in 0.001364 seconds.
Begin MonoManager ReloadAssembly
Native extension for WindowsStandalone target not found
Refreshing native plugins compatible for Editor in 0.54 ms, found 2 plugins.
Preloading 0 native plugins for Editor in 0.00 ms.
Mono: successfully reloaded assembly
- Completed reload, in  1.130 seconds
Platform modules already initialized, skipping
Refreshing native plugins compatible for Editor in 0.73 ms, found 2 plugins.
Preloading 0 native plugins for Editor in 0.00 ms.
Unloading 1819 Unused Serialized files (Serialized files now loaded: 0)
System memory in use before: 91.7 MB.
System memory in use after: 91.7 MB.

Unloading 14 unused Assets to reduce memory usage. Loaded Objects now: 2528.
Total: 2.599187 ms (FindLiveObjects: 0.260485 ms CreateObjectMapping: 0.093435 ms MarkObjects: 2.097683 ms  DeleteObjects: 0.145815 ms)

========================================================================
Received Prepare
Registering precompiled user dll's ...
Registered in 0.001570 seconds.
Begin MonoManager ReloadAssembly
Native extension for WindowsStandalone target not found
Refreshing native plugins compatible for Editor in 0.55 ms, found 2 plugins.
Preloading 0 native plugins for Editor in 0.00 ms.
Mono: successfully reloaded assembly
- Completed reload, in  1.078 seconds
Platform modules already initialized, skipping
Refreshing native plugins compatible for Editor in 0.64 ms, found 2 plugins.
Preloading 0 native plugins for Editor in 0.00 ms.
Unloading 1819 Unused Serialized files (Serialized files now loaded: 0)
System memory in use before: 91.7 MB.
System memory in use after: 91.7 MB.

Unloading 14 unused Assets to reduce memory usage. Loaded Objects now: 2532.
Total: 3.451426 ms (FindLiveObjects: 0.538666 ms CreateObjectMapping: 0.263670 ms MarkObjects: 2.500089 ms  DeleteObjects: 0.146169 ms)

========================================================================
Received Prepare
Registering precompiled user dll's ...
Registered in 0.001318 seconds.
Begin MonoManager ReloadAssembly
Native extension for WindowsStandalone target not found
Refreshing native plugins compatible for Editor in 0.46 ms, found 2 plugins.
Preloading 0 native plugins for Editor in 0.00 ms.
Mono: successfully reloaded assembly
- Completed reload, in  1.107 seconds
Platform modules already initialized, skipping
Refreshing native plugins compatible for Editor in 0.90 ms, found 2 plugins.
Preloading 0 native plugins for Editor in 0.00 ms.
Unloading 1819 Unused Serialized files (Serialized files now loaded: 0)
System memory in use before: 91.7 MB.
System memory in use after: 91.7 MB.

Unloading 14 unused Assets to reduce memory usage. Loaded Objects now: 2536.
Total: 3.700585 ms (FindLiveObjects: 0.558485 ms CreateObjectMapping: 0.211644 ms MarkObjects: 2.728014 ms  DeleteObjects: 0.200319 ms)

========================================================================
Received Prepare
Registering precompiled user dll's ...
Registered in 0.002231 seconds.
Begin MonoManager ReloadAssembly
Native extension for WindowsStandalone target not found
Refreshing native plugins compatible for Editor in 0.48 ms, found 2 plugins.
Preloading 0 native plugins for Editor in 0.00 ms.
Mono: successfully reloaded assembly
- Completed reload, in  1.023 seconds
Platform modules already initialized, skipping
Refreshing native plugins compatible for Editor in 0.50 ms, found 2 plugins.
Preloading 0 native plugins for Editor in 0.00 ms.
Unloading 1819 Unused Serialized files (Serialized files now loaded: 0)
System memory in use before: 91.7 MB.
System memory in use after: 91.7 MB.

Unloading 14 unused Assets to reduce memory usage. Loaded Objects now: 2540.
Total: 3.324015 ms (FindLiveObjects: 0.476376 ms CreateObjectMapping: 0.173421 ms MarkObjects: 2.524510 ms  DeleteObjects: 0.148292 ms)

========================================================================
Received Prepare
Registering precompiled user dll's ...
Registered in 0.001092 seconds.
Begin MonoManager ReloadAssembly
Native extension for WindowsStandalone target not found
Refreshing native plugins compatible for Editor in 0.54 ms, found 2 plugins.
Preloading 0 native plugins for Editor in 0.00 ms.
Mono: successfully reloaded assembly
- Completed reload, in  1.048 seconds
Platform modules already initialized, skipping
Refreshing native plugins compatible for Editor in 0.64 ms, found 2 plugins.
Preloading 0 native plugins for Editor in 0.00 ms.
Unloading 1819 Unused Serialized files (Serialized files now loaded: 0)
System memory in use before: 91.7 MB.
System memory in use after: 91.7 MB.

Unloading 14 unused Assets to reduce memory usage. Loaded Objects now: 2544.
Total: 3.611751 ms (FindLiveObjects: 0.376571 ms CreateObjectMapping: 0.207397 ms MarkObjects: 2.864981 ms  DeleteObjects: 0.160680 ms)

========================================================================
Received Prepare
Registering precompiled user dll's ...
Registered in 0.002219 seconds.
Begin MonoManager ReloadAssembly
Native extension for WindowsStandalone target not found
Refreshing native plugins compatible for Editor in 0.53 ms, found 2 plugins.
Preloading 0 native plugins for Editor in 0.00 ms.
Mono: successfully reloaded assembly
- Completed reload, in  1.135 seconds
Platform modules already initialized, skipping
Refreshing native plugins compatible for Editor in 0.87 ms, found 2 plugins.
Preloading 0 native plugins for Editor in 0.00 ms.
Unloading 1819 Unused Serialized files (Serialized files now loaded: 0)
System memory in use before: 91.8 MB.
System memory in use after: 91.7 MB.

Unloading 14 unused Assets to reduce memory usage. Loaded Objects now: 2548.
Total: 3.130067 ms (FindLiveObjects: 0.372324 ms CreateObjectMapping: 0.199611 ms MarkObjects: 2.410548 ms  DeleteObjects: 0.145107 ms)

========================================================================
Received Prepare
Registering precompiled user dll's ...
Registered in 0.001199 seconds.
Begin MonoManager ReloadAssembly
Native extension for WindowsStandalone target not found
Refreshing native plugins compatible for Editor in 0.50 ms, found 2 plugins.
Preloading 0 native plugins for Editor in 0.00 ms.
Mono: successfully reloaded assembly
- Completed reload, in  1.135 seconds
Platform modules already initialized, skipping
Refreshing native plugins compatible for Editor in 0.62 ms, found 2 plugins.
Preloading 0 native plugins for Editor in 0.00 ms.
Unloading 1819 Unused Serialized files (Serialized files now loaded: 0)
System memory in use before: 91.8 MB.
System memory in use after: 91.7 MB.

Unloading 14 unused Assets to reduce memory usage. Loaded Objects now: 2552.
Total: 4.275351 ms (FindLiveObjects: 0.373739 ms CreateObjectMapping: 0.205273 ms MarkObjects: 3.521148 ms  DeleteObjects: 0.172359 ms)

========================================================================
Received Prepare
Registering precompiled user dll's ...
Registered in 0.001386 seconds.
Begin MonoManager ReloadAssembly
Native extension for WindowsStandalone target not found
Refreshing native plugins compatible for Editor in 0.46 ms, found 2 plugins.
Preloading 0 native plugins for Editor in 0.00 ms.
Mono: successfully reloaded assembly
- Completed reload, in  1.068 seconds
Platform modules already initialized, skipping
Refreshing native plugins compatible for Editor in 1.07 ms, found 2 plugins.
Preloading 0 native plugins for Editor in 0.00 ms.
Unloading 1819 Unused Serialized files (Serialized files now loaded: 0)
System memory in use before: 91.8 MB.
System memory in use after: 91.8 MB.

Unloading 14 unused Assets to reduce memory usage. Loaded Objects now: 2556.
Total: 3.251815 ms (FindLiveObjects: 0.451248 ms CreateObjectMapping: 0.192178 ms MarkObjects: 2.455849 ms  DeleteObjects: 0.150062 ms)

========================================================================
Received Prepare
Registering precompiled user dll's ...
Registered in 0.002259 seconds.
Begin MonoManager ReloadAssembly
Native extension for WindowsStandalone target not found
Refreshing native plugins compatible for Editor in 0.49 ms, found 2 plugins.
Preloading 0 native plugins for Editor in 0.00 ms.
Mono: successfully reloaded assembly
- Completed reload, in  1.103 seconds
Platform modules already initialized, skipping
Refreshing native plugins compatible for Editor in 0.63 ms, found 2 plugins.
Preloading 0 native plugins for Editor in 0.00 ms.
Unloading 1819 Unused Serialized files (Serialized files now loaded: 0)
System memory in use before: 91.8 MB.
System memory in use after: 91.8 MB.

Unloading 14 unused Assets to reduce memory usage. Loaded Objects now: 2560.
Total: 3.211114 ms (FindLiveObjects: 0.364891 ms CreateObjectMapping: 0.203858 ms MarkObjects: 2.489826 ms  DeleteObjects: 0.151478 ms)

========================================================================
Received Prepare
Registering precompiled user dll's ...
Registered in 0.001454 seconds.
Begin MonoManager ReloadAssembly
Native extension for WindowsStandalone target not found
Refreshing native plugins compatible for Editor in 0.51 ms, found 2 plugins.
Preloading 0 native plugins for Editor in 0.00 ms.
Mono: successfully reloaded assembly
- Completed reload, in  1.163 seconds
Platform modules already initialized, skipping
Refreshing native plugins compatible for Editor in 0.59 ms, found 2 plugins.
Preloading 0 native plugins for Editor in 0.00 ms.
Unloading 1819 Unused Serialized files (Serialized files now loaded: 0)
System memory in use before: 91.8 MB.
System memory in use after: 91.8 MB.

Unloading 14 unused Assets to reduce memory usage. Loaded Objects now: 2564.
Total: 4.183686 ms (FindLiveObjects: 0.378340 ms CreateObjectMapping: 0.214121 ms MarkObjects: 3.422050 ms  DeleteObjects: 0.167758 ms)

========================================================================
Received Prepare
Registering precompiled user dll's ...
Registered in 0.001589 seconds.
Begin MonoManager ReloadAssembly
Native extension for WindowsStandalone target not found
Refreshing native plugins compatible for Editor in 0.53 ms, found 2 plugins.
Preloading 0 native plugins for Editor in 0.00 ms.
Mono: successfully reloaded assembly
- Completed reload, in  1.237 seconds
Platform modules already initialized, skipping
Refreshing native plugins compatible for Editor in 0.59 ms, found 2 plugins.
Preloading 0 native plugins for Editor in 0.00 ms.
Unloading 1819 Unused Serialized files (Serialized files now loaded: 0)
System memory in use before: 91.8 MB.
System memory in use after: 91.8 MB.

Unloading 14 unused Assets to reduce memory usage. Loaded Objects now: 2568.
Total: 3.768892 ms (FindLiveObjects: 0.374093 ms CreateObjectMapping: 0.204566 ms MarkObjects: 3.030969 ms  DeleteObjects: 0.157494 ms)

========================================================================
Received Prepare
Registering precompiled user dll's ...
Registered in 0.001791 seconds.
Begin MonoManager ReloadAssembly
Native extension for WindowsStandalone target not found
Refreshing native plugins compatible for Editor in 1.10 ms, found 2 plugins.
Preloading 0 native plugins for Editor in 0.00 ms.
Mono: successfully reloaded assembly
- Completed reload, in  1.201 seconds
Platform modules already initialized, skipping
Refreshing native plugins compatible for Editor in 0.67 ms, found 2 plugins.
Preloading 0 native plugins for Editor in 0.00 ms.
Unloading 1819 Unused Serialized files (Serialized files now loaded: 0)
System memory in use before: 91.8 MB.
System memory in use after: 91.8 MB.

Unloading 14 unused Assets to reduce memory usage. Loaded Objects now: 2572.
Total: 3.486110 ms (FindLiveObjects: 0.386480 ms CreateObjectMapping: 0.205981 ms MarkObjects: 2.731553 ms  DeleteObjects: 0.160326 ms)

========================================================================
Received Import Request.
  Time since last request: 1906.811589 seconds.
  path: Assets/Prefabs/SmallAsteroid.prefab
  artifactKey: Guid(dc5cb19e25c5fe7479a8d77be8ee0c94) Importer(815301076,1909f56bfc062723c751e8b465ee728b)
Start importing Assets/Prefabs/SmallAsteroid.prefab using Guid(dc5cb19e25c5fe7479a8d77be8ee0c94) Importer(815301076,1909f56bfc062723c751e8b465ee728b)  -> (artifact id: 'd2e5959857396ea3cc07eae78b5d2b32') in 0.125918 seconds
  Import took 0.132717 seconds .

========================================================================
Received Import Request.
  Time since last request: 0.000384 seconds.
  path: Assets/Prefabs/SmallAsteroid.prefab
  artifactKey: Guid(dc5cb19e25c5fe7479a8d77be8ee0c94) Importer(815301076,1909f56bfc062723c751e8b465ee728b)
Start importing Assets/Prefabs/SmallAsteroid.prefab using Guid(dc5cb19e25c5fe7479a8d77be8ee0c94) Importer(815301076,1909f56bfc062723c751e8b465ee728b)  -> (artifact id: 'd2e5959857396ea3cc07eae78b5d2b32') in 0.036785 seconds
  Import took 0.042462 seconds .

========================================================================
Received Prepare
Registering precompiled user dll's ...
Registered in 0.001327 seconds.
Begin MonoManager ReloadAssembly
Native extension for WindowsStandalone target not found
Refreshing native plugins compatible for Editor in 0.51 ms, found 2 plugins.
Preloading 0 native plugins for Editor in 0.00 ms.
Mono: successfully reloaded assembly
- Completed reload, in  1.048 seconds
Platform modules already initialized, skipping
Refreshing native plugins compatible for Editor in 0.91 ms, found 2 plugins.
Preloading 0 native plugins for Editor in 0.00 ms.
Unloading 1819 Unused Serialized files (Serialized files now loaded: 0)
System memory in use before: 91.8 MB.
System memory in use after: 91.8 MB.

Unloading 14 unused Assets to reduce memory usage. Loaded Objects now: 2577.
Total: 3.798975 ms (FindLiveObjects: 0.541143 ms CreateObjectMapping: 0.219430 ms MarkObjects: 2.864627 ms  DeleteObjects: 0.171651 ms)

========================================================================
Received Import Request.
  Time since last request: 88.955645 seconds.
  path: Assets/Prefabs/MiddleAsteroid.prefab
  artifactKey: Guid(3f902e1ae41a4534ba2c2371b31e6bee) Importer(815301076,1909f56bfc062723c751e8b465ee728b)
Start importing Assets/Prefabs/MiddleAsteroid.prefab using Guid(3f902e1ae41a4534ba2c2371b31e6bee) Importer(815301076,1909f56bfc062723c751e8b465ee728b)  -> (artifact id: 'e38e524e9f5de2f30144e3e8a843ad61') in 0.110152 seconds
  Import took 0.114941 seconds .

========================================================================
Received Prepare
Registering precompiled user dll's ...
Registered in 0.002388 seconds.
Begin MonoManager ReloadAssembly
Native extension for WindowsStandalone target not found
Refreshing native plugins compatible for Editor in 0.51 ms, found 2 plugins.
Preloading 0 native plugins for Editor in 0.00 ms.
Mono: successfully reloaded assembly
- Completed reload, in  1.188 seconds
Platform modules already initialized, skipping
Refreshing native plugins compatible for Editor in 0.57 ms, found 2 plugins.
Preloading 0 native plugins for Editor in 0.00 ms.
Unloading 1819 Unused Serialized files (Serialized files now loaded: 0)
System memory in use before: 91.8 MB.
System memory in use after: 91.8 MB.

Unloading 14 unused Assets to reduce memory usage. Loaded Objects now: 2582.
Total: 3.352682 ms (FindLiveObjects: 0.374801 ms CreateObjectMapping: 0.197487 ms MarkObjects: 2.629978 ms  DeleteObjects: 0.147938 ms)

========================================================================
Received Prepare
Registering precompiled user dll's ...
Registered in 0.000992 seconds.
Begin MonoManager ReloadAssembly
Native extension for WindowsStandalone target not found
Refreshing native plugins compatible for Editor in 0.52 ms, found 2 plugins.
Preloading 0 native plugins for Editor in 0.00 ms.
Mono: successfully reloaded assembly
- Completed reload, in  1.104 seconds
Platform modules already initialized, skipping
Refreshing native plugins compatible for Editor in 0.71 ms, found 2 plugins.
Preloading 0 native plugins for Editor in 0.00 ms.
Unloading 1819 Unused Serialized files (Serialized files now loaded: 0)
System memory in use before: 91.8 MB.
System memory in use after: 91.8 MB.

Unloading 14 unused Assets to reduce memory usage. Loaded Objects now: 2586.
Total: 3.321537 ms (FindLiveObjects: 0.493010 ms CreateObjectMapping: 0.218369 ms MarkObjects: 2.451956 ms  DeleteObjects: 0.155725 ms)

========================================================================
Received Prepare
Registering precompiled user dll's ...
Registered in 0.001866 seconds.
Begin MonoManager ReloadAssembly
Native extension for WindowsStandalone target not found
Refreshing native plugins compatible for Editor in 0.53 ms, found 2 plugins.
Preloading 0 native plugins for Editor in 0.00 ms.
Mono: successfully reloaded assembly
- Completed reload, in  1.290 seconds
Platform modules already initialized, skipping
Refreshing native plugins compatible for Editor in 0.55 ms, found 2 plugins.
Preloading 0 native plugins for Editor in 0.00 ms.
Unloading 1819 Unused Serialized files (Serialized files now loaded: 0)
System memory in use before: 91.8 MB.
System memory in use after: 91.8 MB.

Unloading 14 unused Assets to reduce memory usage. Loaded Objects now: 2590.
Total: 4.100869 ms (FindLiveObjects: 0.412317 ms CreateObjectMapping: 0.254822 ms MarkObjects: 3.258186 ms  DeleteObjects: 0.173775 ms)

AssetImportWorkerClient::OnTransportError - code=2 error=End of file
